Copyright 1986-2021 Xilinx, Inc. All Rights Reserved.
------------------------------------------------------------------------------------
| Tool Version : Vivado v.2021.1 (lin64) Build 3247384 Thu Jun 10 19:36:07 MDT 2021
| Date         : Mon Nov  8 17:32:57 2021
| Host         : simrun-Latitude-5401 running 64-bit Ubuntu 20.04.3 LTS
| Command      : report_timing_summary -file timing_summary.log
| Design       : main
| Device       : 7a15t-cpg236
| Speed File   : -1  PRODUCTION 1.23 2018-06-13
------------------------------------------------------------------------------------

Timing Summary Report

------------------------------------------------------------------------------------------------
| Timer Settings
| --------------
------------------------------------------------------------------------------------------------

  Enable Multi Corner Analysis               :  Yes
  Enable Pessimism Removal                   :  Yes
  Pessimism Removal Resolution               :  Nearest Common Node
  Enable Input Delay Default Clock           :  No
  Enable Preset / Clear Arcs                 :  No
  Disable Flight Delays                      :  No
  Ignore I/O Paths                           :  No
  Timing Early Launch at Borrowing Latches   :  No
  Borrow Time for Max Delay Exceptions       :  Yes
  Merge Timing Exceptions                    :  Yes

  Corner  Analyze    Analyze    
  Name    Max Paths  Min Paths  
  ------  ---------  ---------  
  Slow    Yes        Yes        
  Fast    Yes        Yes        


------------------------------------------------------------------------------------------------
| Report Methodology
| ------------------
------------------------------------------------------------------------------------------------

No report available as report_methodology has not been run prior. Run report_methodology on the current design for the summary of methodology violations.



check_timing report

Table of Contents
-----------------
1. checking no_clock (0)
2. checking constant_clock (0)
3. checking pulse_width_clock (0)
4. checking unconstrained_internal_endpoints (0)
5. checking no_input_delay (1)
6. checking no_output_delay (6)
7. checking multiple_clock (0)
8. checking generated_clocks (0)
9. checking loops (0)
10. checking partial_input_delay (0)
11. checking partial_output_delay (0)
12. checking latch_loops (0)

1. checking no_clock (0)
------------------------
 There are 0 register/latch pins with no clock.


2. checking constant_clock (0)
------------------------------
 There are 0 register/latch pins with constant_clock.


3. checking pulse_width_clock (0)
---------------------------------
 There are 0 register/latch pins which need pulse_width check


4. checking unconstrained_internal_endpoints (0)
------------------------------------------------
 There are 0 pins that are not constrained for maximum delay.

 There are 0 pins that are not constrained for maximum delay due to constant clock.


5. checking no_input_delay (1)
------------------------------
 There is 1 input port with no input delay specified. (HIGH)

 There are 0 input ports with no input delay but user has a false path constraint.


6. checking no_output_delay (6)
-------------------------------
 There are 6 ports with no output delay specified. (HIGH)

 There are 0 ports with no output delay but user has a false path constraint

 There are 0 ports with no output delay but with a timing clock defined on it or propagating through it


7. checking multiple_clock (0)
------------------------------
 There are 0 register/latch pins with multiple clocks.


8. checking generated_clocks (0)
--------------------------------
 There are 0 generated clocks that are not connected to a clock source.


9. checking loops (0)
---------------------
 There are 0 combinational loops in the design.


10. checking partial_input_delay (0)
------------------------------------
 There are 0 input ports with partial input delay specified.


11. checking partial_output_delay (0)
-------------------------------------
 There are 0 ports with partial output delay specified.


12. checking latch_loops (0)
----------------------------
 There are 0 combinational latch loops in the design through latch input



------------------------------------------------------------------------------------------------
| Design Timing Summary
| ---------------------
------------------------------------------------------------------------------------------------

    WNS(ns)      TNS(ns)  TNS Failing Endpoints  TNS Total Endpoints      WHS(ns)      THS(ns)  THS Failing Endpoints  THS Total Endpoints     WPWS(ns)     TPWS(ns)  TPWS Failing Endpoints  TPWS Total Endpoints  
    -------      -------  ---------------------  -------------------      -------      -------  ---------------------  -------------------     --------     --------  ----------------------  --------------------  
     78.605        0.000                      0                  186        0.161        0.000                      0                  186       41.160        0.000                       0                   105  


All user specified timing constraints are met.


------------------------------------------------------------------------------------------------
| Clock Summary
| -------------
------------------------------------------------------------------------------------------------

Clock        Waveform(ns)       Period(ns)      Frequency(MHz)
-----        ------------       ----------      --------------
sys_clk_pin  {0.000 41.660}     83.330          12.000          


------------------------------------------------------------------------------------------------
| Intra Clock Table
| -----------------
------------------------------------------------------------------------------------------------

Clock             WNS(ns)      TNS(ns)  TNS Failing Endpoints  TNS Total Endpoints      WHS(ns)      THS(ns)  THS Failing Endpoints  THS Total Endpoints     WPWS(ns)     TPWS(ns)  TPWS Failing Endpoints  TPWS Total Endpoints  
-----             -------      -------  ---------------------  -------------------      -------      -------  ---------------------  -------------------     --------     --------  ----------------------  --------------------  
sys_clk_pin        78.605        0.000                      0                  186        0.161        0.000                      0                  186       41.160        0.000                       0                   105  


------------------------------------------------------------------------------------------------
| Inter Clock Table
| -----------------
------------------------------------------------------------------------------------------------

From Clock    To Clock          WNS(ns)      TNS(ns)  TNS Failing Endpoints  TNS Total Endpoints      WHS(ns)      THS(ns)  THS Failing Endpoints  THS Total Endpoints  
----------    --------          -------      -------  ---------------------  -------------------      -------      -------  ---------------------  -------------------  


------------------------------------------------------------------------------------------------
| Other Path Groups Table
| -----------------------
------------------------------------------------------------------------------------------------

Path Group    From Clock    To Clock          WNS(ns)      TNS(ns)  TNS Failing Endpoints  TNS Total Endpoints      WHS(ns)      THS(ns)  THS Failing Endpoints  THS Total Endpoints  
----------    ----------    --------          -------      -------  ---------------------  -------------------      -------      -------  ---------------------  -------------------  


------------------------------------------------------------------------------------------------
| Timing Details
| --------------
------------------------------------------------------------------------------------------------


---------------------------------------------------------------------------------------------------
From Clock:  sys_clk_pin
  To Clock:  sys_clk_pin

Setup :            0  Failing Endpoints,  Worst Slack       78.605ns,  Total Violation        0.000ns
Hold  :            0  Failing Endpoints,  Worst Slack        0.161ns,  Total Violation        0.000ns
PW    :            0  Failing Endpoints,  Worst Slack       41.160ns,  Total Violation        0.000ns
---------------------------------------------------------------------------------------------------


Max Delay Paths
--------------------------------------------------------------------------------------
Slack (MET) :             78.605ns  (required time - arrival time)
  Source:                 ILI9341/rom_addr_reg_rep/CLKARDCLK
                            (rising edge-triggered cell RAMB18E1 clocked by sys_clk_pin  {rise@0.000ns fall@41.660ns period=83.330ns})
  Destination:            ILI9341/cfg_state_after_wait_reg[2]/D
                            (rising edge-triggered cell FDRE clocked by sys_clk_pin  {rise@0.000ns fall@41.660ns period=83.330ns})
  Path Group:             sys_clk_pin
  Path Type:              Setup (Max at Slow Process Corner)
  Requirement:            83.330ns  (sys_clk_pin rise@83.330ns - sys_clk_pin rise@0.000ns)
  Data Path Delay:        4.709ns  (logic 1.254ns (26.632%)  route 3.455ns (73.368%))
  Logic Levels:           3  (LUT3=1 LUT4=1 LUT6=1)
  Clock Path Skew:        -0.012ns (DCD - SCD + CPR)
    Destination Clock Delay (DCD):    4.868ns = ( 88.198 - 83.330 ) 
    Source Clock Delay      (SCD):    5.139ns
    Clock Pessimism Removal (CPR):    0.259ns
  Clock Uncertainty:      0.035ns  ((TSJ^2 + TIJ^2)^1/2 + DJ) / 2 + PE
    Total System Jitter     (TSJ):    0.071ns
    Total Input Jitter      (TIJ):    0.000ns
    Discrete Jitter          (DJ):    0.000ns
    Phase Error              (PE):    0.000ns

    Location             Delay type                Incr(ns)  Path(ns)    Netlist Resource(s)
  -------------------------------------------------------------------    -------------------
                         (clock sys_clk_pin rise edge)
                                                      0.000     0.000 r  
    L17                                               0.000     0.000 r  clk (IN)
                         net (fo=0)                   0.000     0.000    clk
    L17                  IBUF (Prop_ibuf_I_O)         1.476     1.476 r  clk_IBUF_inst/O
                         net (fo=1, routed)           1.972     3.448    clk_IBUF
    BUFGCTRL_X0Y0        BUFG (Prop_bufg_I_O)         0.096     3.544 r  clk_IBUF_BUFG_inst/O
                         net (fo=104, routed)         1.596     5.139    ILI9341/clk
    RAMB18_X2Y8          RAMB18E1                                     r  ILI9341/rom_addr_reg_rep/CLKARDCLK
  -------------------------------------------------------------------    -------------------
    RAMB18_X2Y8          RAMB18E1 (Prop_ramb18e1_CLKARDCLK_DOADO[0])
                                                      0.882     6.021 r  ILI9341/rom_addr_reg_rep/DOADO[0]
                         net (fo=10, routed)          2.022     8.044    ILI9341/data[0]
    SLICE_X58Y23         LUT4 (Prop_lut4_I0_O)        0.124     8.168 r  ILI9341/cfg_state_after_wait[2]_i_4/O
                         net (fo=3, routed)           0.851     9.019    ILI9341/cfg_state_after_wait[2]_i_4_n_0
    SLICE_X59Y25         LUT6 (Prop_lut6_I0_O)        0.124     9.143 r  ILI9341/cfg_state_after_wait[2]_i_3/O
                         net (fo=1, routed)           0.581     9.724    ILI9341/cfg_state_after_wait[2]_i_3_n_0
    SLICE_X59Y23         LUT3 (Prop_lut3_I1_O)        0.124     9.848 r  ILI9341/cfg_state_after_wait[2]_i_1/O
                         net (fo=1, routed)           0.000     9.848    ILI9341/cfg_state_after_wait[2]_i_1_n_0
    SLICE_X59Y23         FDRE                                         r  ILI9341/cfg_state_after_wait_reg[2]/D
  -------------------------------------------------------------------    -------------------

                         (clock sys_clk_pin rise edge)
                                                     83.330    83.330 r  
    L17                                               0.000    83.330 r  clk (IN)
                         net (fo=0)                   0.000    83.330    clk
    L17                  IBUF (Prop_ibuf_I_O)         1.406    84.736 r  clk_IBUF_inst/O
                         net (fo=1, routed)           1.868    86.604    clk_IBUF
    BUFGCTRL_X0Y0        BUFG (Prop_bufg_I_O)         0.091    86.695 r  clk_IBUF_BUFG_inst/O
                         net (fo=104, routed)         1.503    88.198    ILI9341/clk
    SLICE_X59Y23         FDRE                                         r  ILI9341/cfg_state_after_wait_reg[2]/C
                         clock pessimism              0.259    88.457    
                         clock uncertainty           -0.035    88.422    
    SLICE_X59Y23         FDRE (Setup_fdre_C_D)        0.031    88.453    ILI9341/cfg_state_after_wait_reg[2]
  -------------------------------------------------------------------
                         required time                         88.453    
                         arrival time                          -9.848    
  -------------------------------------------------------------------
                         slack                                 78.605    





Min Delay Paths
--------------------------------------------------------------------------------------
Slack (MET) :             0.161ns  (arrival time - required time)
  Source:                 ILI9341/SPI0/FSM_sequential_state_reg[2]/C
                            (rising edge-triggered cell FDRE clocked by sys_clk_pin  {rise@0.000ns fall@41.660ns period=83.330ns})
  Destination:            ILI9341/SPI0/FSM_sequential_state_reg[2]/D
                            (rising edge-triggered cell FDRE clocked by sys_clk_pin  {rise@0.000ns fall@41.660ns period=83.330ns})
  Path Group:             sys_clk_pin
  Path Type:              Hold (Min at Fast Process Corner)
  Requirement:            0.000ns  (sys_clk_pin rise@0.000ns - sys_clk_pin rise@0.000ns)
  Data Path Delay:        0.231ns  (logic 0.141ns (61.128%)  route 0.090ns (38.872%))
  Logic Levels:           0  
  Clock Path Skew:        0.000ns (DCD - SCD - CPR)
    Destination Clock Delay (DCD):    1.997ns
    Source Clock Delay      (SCD):    1.485ns
    Clock Pessimism Removal (CPR):    0.512ns

    Location             Delay type                Incr(ns)  Path(ns)    Netlist Resource(s)
  -------------------------------------------------------------------    -------------------
                         (clock sys_clk_pin rise edge)
                                                      0.000     0.000 r  
    L17                                               0.000     0.000 r  clk (IN)
                         net (fo=0)                   0.000     0.000    clk
    L17                  IBUF (Prop_ibuf_I_O)         0.244     0.244 r  clk_IBUF_inst/O
                         net (fo=1, routed)           0.634     0.878    clk_IBUF
    BUFGCTRL_X0Y0        BUFG (Prop_bufg_I_O)         0.026     0.904 r  clk_IBUF_BUFG_inst/O
                         net (fo=104, routed)         0.581     1.485    ILI9341/SPI0/clk
    SLICE_X58Y24         FDRE                                         r  ILI9341/SPI0/FSM_sequential_state_reg[2]/C
  -------------------------------------------------------------------    -------------------
    SLICE_X58Y24         FDRE (Prop_fdre_C_Q)         0.141     1.626 r  ILI9341/SPI0/FSM_sequential_state_reg[2]/Q
                         net (fo=9, routed)           0.090     1.715    ILI9341/SPI0/state__0[2]
    SLICE_X58Y24         FDRE                                         r  ILI9341/SPI0/FSM_sequential_state_reg[2]/D
  -------------------------------------------------------------------    -------------------

                         (clock sys_clk_pin rise edge)
                                                      0.000     0.000 r  
    L17                                               0.000     0.000 r  clk (IN)
                         net (fo=0)                   0.000     0.000    clk
    L17                  IBUF (Prop_ibuf_I_O)         0.432     0.432 r  clk_IBUF_inst/O
                         net (fo=1, routed)           0.689     1.120    clk_IBUF
    BUFGCTRL_X0Y0        BUFG (Prop_bufg_I_O)         0.029     1.149 r  clk_IBUF_BUFG_inst/O
                         net (fo=104, routed)         0.848     1.997    ILI9341/SPI0/clk
    SLICE_X58Y24         FDRE                                         r  ILI9341/SPI0/FSM_sequential_state_reg[2]/C
                         clock pessimism             -0.512     1.485    
    SLICE_X58Y24         FDRE (Hold_fdre_C_D)         0.070     1.555    ILI9341/SPI0/FSM_sequential_state_reg[2]
  -------------------------------------------------------------------
                         required time                         -1.555    
                         arrival time                           1.715    
  -------------------------------------------------------------------
                         slack                                  0.161    





Pulse Width Checks
--------------------------------------------------------------------------------------
Clock Name:         sys_clk_pin
Waveform(ns):       { 0.000 41.660 }
Period(ns):         83.330
Sources:            { clk }

Check Type        Corner  Lib Pin             Reference Pin  Required(ns)  Actual(ns)  Slack(ns)  Location      Pin
Min Period        n/a     RAMB18E1/CLKARDCLK  n/a            2.576         83.330      80.754     RAMB18_X2Y8   ILI9341/rom_addr_reg_rep/CLKARDCLK
Low Pulse Width   Slow    FDRE/C              n/a            0.500         41.670      41.170     SLICE_X57Y23  ILI9341/cfg_bytes_remaining_reg[0]/C
High Pulse Width  Slow    FDRE/C              n/a            0.500         41.660      41.160     SLICE_X57Y23  ILI9341/cfg_bytes_remaining_reg[0]/C



