#-----------------------------------------------------------
# Vivado v2021.1 (64-bit)
# SW Build 3247384 on Thu Jun 10 19:36:07 MDT 2021
# IP Build 3246043 on Fri Jun 11 00:30:35 MDT 2021
# Start of session at: Mon Nov  8 17:27:29 2021
# Process ID: 24427
# Current directory: /home/simrun/comparch/olin-cafe-f21/02_etch_a_sketch-part3
# Command line: vivado -mode batch -source program.tcl
# Log file: /home/simrun/comparch/olin-cafe-f21/02_etch_a_sketch-part3/vivado.log
# Journal file: /home/simrun/comparch/olin-cafe-f21/02_etch_a_sketch-part3/vivado.jou
#-----------------------------------------------------------
source program.tcl
# open_hw_manager
# connect_hw_server
INFO: [Labtools 27-2285] Connecting to hw_server url TCP:localhost:3121
INFO: [Labtools 27-2222] Launching hw_server...
INFO: [Labtools 27-2221] Launch Output:

****** Xilinx hw_server v2021.1
  **** Build date : Jun 10 2021 at 20:11:57
    ** Copyright 1986-2021 Xilinx, Inc. All Rights Reserved.


INFO: [Labtools 27-3415] Connecting to cs_server url TCP:localhost:3042
INFO: [Labtools 27-3417] Launching cs_server...
INFO: [Labtools 27-2221] Launch Output:


******** Xilinx cs_server v2021.1
  ****** Build date   : May 26 2021-13:32:33
    **** Build number : 2021.1.1622050353
      ** Copyright 2017-2021 Xilinx, Inc. All Rights Reserved.



# open_hw_target
INFO: [Labtoolstcl 44-466] Opening hw_target localhost:3121/xilinx_tcf/Digilent/210328B2542FA
# set device [lindex [get_hw_devices] 0]
# set_property PROGRAM.FILE { main.bit } [ current_hw_device ] 
# current_hw_device $device
# program_hw_devices $device
INFO: [Labtools 27-3164] End of startup status: HIGH
# refresh_hw_device [lindex [get_hw_devices] 0]
INFO: [Labtools 27-1434] Device xc7a15t (JTAG device index = 0) is programmed with a design that has no supported debug core(s) in it.
# close_hw_target
INFO: [Labtoolstcl 44-464] Closing hw_target localhost:3121/xilinx_tcf/Digilent/210328B2542FA
# close_hw_manager
****** Webtalk v2021.1 (64-bit)
  **** SW Build 3247384 on Thu Jun 10 19:36:07 MDT 2021
  **** IP Build 3246043 on Fri Jun 11 00:30:35 MDT 2021
    ** Copyright 1986-2021 Xilinx, Inc. All Rights Reserved.

source /home/simrun/comparch/olin-cafe-f21/02_etch_a_sketch-part3/.Xil/Vivado-24427-simrun-Latitude-5401/webtalk/labtool_webtalk.tcl -notrace
INFO: [Common 17-186] '/home/simrun/comparch/olin-cafe-f21/02_etch_a_sketch-part3/.Xil/Vivado-24427-simrun-Latitude-5401/webtalk/usage_statistics_ext_labtool.xml' has been successfully sent to Xilinx on Mon Nov  8 17:27:43 2021. For additional details about this file, please refer to the WebTalk help file at /home/simrun/comparch/bulk/xilinx/Vivado/2021.1/doc/webtalk_introduction.html.
INFO: [Common 17-206] Exiting Webtalk at Mon Nov  8 17:27:43 2021...
INFO: [Common 17-206] Exiting Vivado at Mon Nov  8 17:27:43 2021...
