#-----------------------------------------------------------
# Vivado v2021.1 (64-bit)
# SW Build 3247384 on Thu Jun 10 19:36:07 MDT 2021
# IP Build 3246043 on Fri Jun 11 00:30:35 MDT 2021
# Start of session at: Mon Nov  8 17:31:50 2021
# Process ID: 49830
# Current directory: /home/simrun/comparch/olin-cafe-f21/02_etch_a_sketch-part3
# Command line: vivado -mode batch -source build.tcl
# Log file: /home/simrun/comparch/olin-cafe-f21/02_etch_a_sketch-part3/vivado.log
# Journal file: /home/simrun/comparch/olin-cafe-f21/02_etch_a_sketch-part3/vivado.jou
#-----------------------------------------------------------
source build.tcl
# read_verilog [ glob ./*.sv ]
# read_xdc ./main.xdc
# synth_design -top main -part xc7a15tcpg236-1
Command: synth_design -top main -part xc7a15tcpg236-1
Starting synth_design
Attempting to get a license for feature 'Synthesis' and/or device 'xc7a15t'
INFO: [Common 17-349] Got license for feature 'Synthesis' and/or device 'xc7a15t'
INFO: [Device 21-403] Loading part xc7a15tcpg236-1
INFO: [Synth 8-7079] Multithreading enabled for synth_design using a maximum of 4 processes.
INFO: [Synth 8-7078] Launching helper process for spawning children vivado processes
INFO: [Synth 8-7075] Helper process launched with PID 49851
ERROR: [Synth 8-1031] IGHTGREY is not declared [/home/simrun/comparch/olin-cafe-f21/02_etch_a_sketch-part3/ili9341_display_controller.sv:141]
INFO: [Synth 8-2350] module ili9341_display_controller ignored due to previous errors [/home/simrun/comparch/olin-cafe-f21/02_etch_a_sketch-part3/ili9341_display_controller.sv:10]
Failed to read verilog '/home/simrun/comparch/olin-cafe-f21/02_etch_a_sketch-part3/ili9341_display_controller.sv'
INFO: [Common 17-83] Releasing license: Synthesis
7 Infos, 0 Warnings, 0 Critical Warnings and 2 Errors encountered.
synth_design failed
ERROR: [Common 17-69] Command failed: Synthesis failed - please see the console or run log file for details
INFO: [Common 17-206] Exiting Vivado at Mon Nov  8 17:32:01 2021...
