#-----------------------------------------------------------
# Vivado v2021.1 (64-bit)
# SW Build 3247384 on Thu Jun 10 19:36:07 MDT 2021
# IP Build 3246043 on Fri Jun 11 00:30:35 MDT 2021
# Start of session at: Mon Nov  1 17:52:10 2021
# Process ID: 14030
# Current directory: /home/simrun/comparch/olin-cafe-f21/examples/class-21-11-01
# Command line: vivado -mode batch -source program.tcl
# Log file: /home/simrun/comparch/olin-cafe-f21/examples/class-21-11-01/vivado.log
# Journal file: /home/simrun/comparch/olin-cafe-f21/examples/class-21-11-01/vivado.jou
#-----------------------------------------------------------
source program.tcl
# open_hw_manager
# connect_hw_server
INFO: [Labtools 27-2285] Connecting to hw_server url TCP:localhost:3121
INFO: [Labtools 27-2222] Launching hw_server...
INFO: [Labtools 27-2221] Launch Output:

****** Xilinx hw_server v2021.1
  **** Build date : Jun 10 2021 at 20:11:57
    ** Copyright 1986-2021 Xilinx, Inc. All Rights Reserved.


INFO: [Labtools 27-3415] Connecting to cs_server url TCP:localhost:3042
INFO: [Labtools 27-3417] Launching cs_server...
INFO: [Labtools 27-2221] Launch Output:


******** Xilinx cs_server v2021.1
  ****** Build date   : May 26 2021-13:32:33
    **** Build number : 2021.1.1622050353
      ** Copyright 2017-2021 Xilinx, Inc. All Rights Reserved.



# open_hw_target
ERROR: [Labtoolstcl 44-469] There is no current hw_target.
INFO: [Common 17-206] Exiting Vivado at Mon Nov  1 17:52:17 2021...
